{"numFailedTestSuites":1,"numFailedTests":0,"numPassedTestSuites":3,"numPassedTests":65,"numPendingTestSuites":0,"numPendingTests":0,"numRuntimeErrorTestSuites":1,"numTodoTests":0,"numTotalTestSuites":4,"numTotalTests":65,"openHandles":[],"snapshot":{"added":0,"didUpdate":false,"failure":false,"filesAdded":0,"filesRemoved":0,"filesRemovedList":[],"filesUnmatched":0,"filesUpdated":0,"matched":0,"total":0,"unchecked":0,"uncheckedKeysByFile":[],"unmatched":0,"updated":0},"startTime":1785224012174,"success":false,"testResults":[{"assertionResults":[],"coverage":{},"endTime":1785224017916,"message":"  \u001b[1m● \u001b[22mTest suite failed to run\n\n    \u001b[1m\u001b[31mJest encountered an unexpected token\u001b[39m\u001b[22m\n\n    Jest failed to parse a file. This happens e.g. when your code or its dependencies use non-standard JavaScript syntax, or when Jest is not configured to support such syntax.\n\n    Out of the box Jest supports Babel, which will be used to transform your files into valid JS based on your Babel configuration.\n\n    By default \"node_modules\" folder is ignored by transformers.\n\n    Here's what you can do:\n     • If you are trying to use ECMAScript Modules, see \u001b[4mhttps://jestjs.io/docs/ecmascript-modules\u001b[24m for how to enable it.\n     • If you are trying to use TypeScript, see \u001b[4mhttps://jestjs.io/docs/getting-started#using-typescript\u001b[24m\n     • To have some of your \"node_modules\" files transformed, you can specify a custom \u001b[1m\"transformIgnorePatterns\"\u001b[22m in your config.\n     • If you need a custom transformation, specify a \u001b[1m\"transform\"\u001b[22m option in your config.\n     • If you simply want to mock your non-JS modules (e.g. binary assets) you can stub them out with the \u001b[1m\"moduleNameMapper\"\u001b[22m config option.\n\n    You'll find more details and examples of these config options in the docs:\n    \u001b[36mhttps://jestjs.io/docs/configuration\u001b[39m\n    For information about custom transformations, see:\n    \u001b[36mhttps://jestjs.io/docs/code-transformation\u001b[39m\n\n    \u001b[1m\u001b[31mDetails:\u001b[39m\u001b[22m\n\n    C:\\Users\\Asus\\Documents\\Developer\\API\\Fixhub - Web\\backend\\src\\app.ts:16\n    const __filename = (0, url_1.fileURLToPath)(import.meta.url);\n          ^\n\n    SyntaxError: Identifier '__filename' has already been declared\n\n    \u001b[0m \u001b[90m 1 |\u001b[39m \u001b[36mimport\u001b[39m request \u001b[36mfrom\u001b[39m \u001b[32m\"supertest\"\u001b[39m\u001b[33m;\u001b[39m\n     \u001b[90m 2 |\u001b[39m \u001b[36mimport\u001b[39m mongoose \u001b[36mfrom\u001b[39m \u001b[32m\"mongoose\"\u001b[39m\u001b[33m;\u001b[39m\n    \u001b[31m\u001b[1m>\u001b[22m\u001b[39m\u001b[90m 3 |\u001b[39m \u001b[36mimport\u001b[39m app \u001b[36mfrom\u001b[39m \u001b[32m\"../../app.js\"\u001b[39m\u001b[33m;\u001b[39m\n     \u001b[90m   |\u001b[39m \u001b[31m\u001b[1m^\u001b[22m\u001b[39m\n     \u001b[90m 4 |\u001b[39m \u001b[36mimport\u001b[39m { connectToMongoDB } \u001b[36mfrom\u001b[39m \u001b[32m\"../../database/mongodb.js\"\u001b[39m\u001b[33m;\u001b[39m\n     \u001b[90m 5 |\u001b[39m \u001b[36mimport\u001b[39m { \u001b[33mNotificationModel\u001b[39m } \u001b[36mfrom\u001b[39m \u001b[32m\"../../models/notification.model.js\"\u001b[39m\u001b[33m;\u001b[39m\n     \u001b[90m 6 |\u001b[39m\u001b[0m\n\n      \u001b[2mat ModuleExecutor.compile (\u001b[22mnode_modules/jest-runtime/build/index.js\u001b[2m:2104:44)\u001b[22m\n      \u001b[2mat Object.<anonymous> (\u001b[22m\u001b[0m\u001b[36msrc/controllers/__tests__/api-integration.test.ts\u001b[39m\u001b[0m\u001b[2m:3:1)\u001b[22m\n","name":"C:\\Users\\Asus\\Documents\\Developer\\API\\Fixhub - Web\\backend\\src\\controllers\\__tests__\\api-integration.test.ts","startTime":1785224017916,"status":"failed","summary":""},{"assertionResults":[{"ancestorTitles":[],"duration":75,"failing":false,"failureDetails":[],"failureMessages":[],"fullName":"POST / creates a Thing when authenticated (local handler)","invocations":1,"location":null,"numPassingAsserts":3,"retryReasons":[],"startAt":1785224017009,"status":"passed","title":"POST / creates a Thing when authenticated (local handler)"}],"endTime":1785224017087,"message":"","name":"C:\\Users\\Asus\\Documents\\Developer\\API\\Fixhub - Web\\backend\\src\\__tests__\\thing.integration.test.ts","startTime":1785224015751,"status":"passed","summary":""},{"assertionResults":[{"ancestorTitles":["FixHub Comprehensive Test Suite (API & Domain Logic)","Authentication & Authorization DTO Validation"],"duration":2,"failing":false,"failureDetails":[],"failureMessages":[],"fullName":"FixHub Comprehensive Test Suite (API & Domain Logic) Authentication & Authorization DTO Validation 1. should validate correct customer registration DTO","invocations":1,"location":null,"numPassingAsserts":1,"retryReasons":[],"startAt":1785224017478,"status":"passed","title":"1. should validate correct customer registration DTO"},{"ancestorTitles":["FixHub Comprehensive Test Suite (API & Domain Logic)","Authentication & Authorization DTO Validation"],"duration":0,"failing":false,"failureDetails":[],"failureMessages":[],"fullName":"FixHub Comprehensive Test Suite (API & Domain Logic) Authentication & Authorization DTO Validation 2. should validate correct professional registration DTO","invocations":1,"location":null,"numPassingAsserts":1,"retryReasons":[],"startAt":1785224017481,"status":"passed","title":"2. should validate correct professional registration DTO"},{"ancestorTitles":["FixHub Comprehensive Test Suite (API & Domain Logic)","Authentication & Authorization DTO Validation"],"duration":3,"failing":false,"failureDetails":[],"failureMessages":[],"fullName":"FixHub Comprehensive Test Suite (API & Domain Logic) Authentication & Authorization DTO Validation 3. should fail registration when email is invalid format","invocations":1,"location":null,"numPassingAsserts":1,"retryReasons":[],"startAt":1785224017481,"status":"passed","title":"3. should fail registration when email is invalid format"},{"ancestorTitles":["FixHub Comprehensive Test Suite (API & Domain Logic)","Authentication & Authorization DTO Validation"],"duration":1,"failing":false,"failureDetails":[],"failureMessages":[],"fullName":"FixHub Comprehensive Test Suite (API & Domain Logic) Authentication & Authorization DTO Validation 4. should fail registration when password is less than 6 characters","invocations":1,"location":null,"numPassingAsserts":1,"retryReasons":[],"startAt":1785224017485,"status":"passed","title":"4. should fail registration when password is less than 6 characters"},{"ancestorTitles":["FixHub Comprehensive Test Suite (API & Domain Logic)","Authentication & Authorization DTO Validation"],"duration":1,"failing":false,"failureDetails":[],"failureMessages":[],"fullName":"FixHub Comprehensive Test Suite (API & Domain Logic) Authentication & Authorization DTO Validation 5. should fail registration when role is neither customer nor professional","invocations":1,"location":null,"numPassingAsserts":1,"retryReasons":[],"startAt":1785224017486,"status":"passed","title":"5. should fail registration when role is neither customer nor professional"},{"ancestorTitles":["FixHub Comprehensive Test Suite (API & Domain Logic)","Authentication & Authorization DTO Validation"],"duration":0,"failing":false,"failureDetails":[],"failureMessages":[],"fullName":"FixHub Comprehensive Test Suite (API & Domain Logic) Authentication & Authorization DTO Validation 6. should validate correct login DTO","invocations":1,"location":null,"numPassingAsserts":1,"retryReasons":[],"startAt":1785224017488,"status":"passed","title":"6. should validate correct login DTO"},{"ancestorTitles":["FixHub Comprehensive Test Suite (API & Domain Logic)","Authentication & Authorization DTO Validation"],"duration":1,"failing":false,"failureDetails":[],"failureMessages":[],"fullName":"FixHub Comprehensive Test Suite (API & Domain Logic) Authentication & Authorization DTO Validation 7. should accept login DTO with stayLoggedIn flag","invocations":1,"location":null,"numPassingAsserts":1,"retryReasons":[],"startAt":1785224017489,"status":"passed","title":"7. should accept login DTO with stayLoggedIn flag"},{"ancestorTitles":["FixHub Comprehensive Test Suite (API & Domain Logic)","Authentication & Authorization DTO Validation"],"duration":1,"failing":false,"failureDetails":[],"failureMessages":[],"fullName":"FixHub Comprehensive Test Suite (API & Domain Logic) Authentication & Authorization DTO Validation 8. should reject login DTO with empty password","invocations":1,"location":null,"numPassingAsserts":1,"retryReasons":[],"startAt":1785224017490,"status":"passed","title":"8. should reject login DTO with empty password"},{"ancestorTitles":["FixHub Comprehensive Test Suite (API & Domain Logic)","Authentication & Authorization DTO Validation"],"duration":1,"failing":false,"failureDetails":[],"failureMessages":[],"fullName":"FixHub Comprehensive Test Suite (API & Domain Logic) Authentication & Authorization DTO Validation 9. should validate user profile update DTO with first name and phone number","invocations":1,"location":null,"numPassingAsserts":1,"retryReasons":[],"startAt":1785224017492,"status":"passed","title":"9. should validate user profile update DTO with first name and phone number"},{"ancestorTitles":["FixHub Comprehensive Test Suite (API & Domain Logic)","Authentication & Authorization DTO Validation"],"duration":1,"failing":false,"failureDetails":[],"failureMessages":[],"fullName":"FixHub Comprehensive Test Suite (API & Domain Logic) Authentication & Authorization DTO Validation 10. should validate password update DTO with old and new password","invocations":1,"location":null,"numPassingAsserts":1,"retryReasons":[],"startAt":1785224017493,"status":"passed","title":"10. should validate password update DTO with old and new password"},{"ancestorTitles":["FixHub Comprehensive Test Suite (API & Domain Logic)","Authentication & Authorization DTO Validation"],"duration":0,"failing":false,"failureDetails":[],"failureMessages":[],"fullName":"FixHub Comprehensive Test Suite (API & Domain Logic) Authentication & Authorization DTO Validation 11. should reject password update DTO when new password is short","invocations":1,"location":null,"numPassingAsserts":1,"retryReasons":[],"startAt":1785224017494,"status":"passed","title":"11. should reject password update DTO when new password is short"},{"ancestorTitles":["FixHub Comprehensive Test Suite (API & Domain Logic)","Authentication & Authorization DTO Validation"],"duration":0,"failing":false,"failureDetails":[],"failureMessages":[],"fullName":"FixHub Comprehensive Test Suite (API & Domain Logic) Authentication & Authorization DTO Validation 12. should validate registration DTO with standard email format","invocations":1,"location":null,"numPassingAsserts":2,"retryReasons":[],"startAt":1785224017495,"status":"passed","title":"12. should validate registration DTO with standard email format"},{"ancestorTitles":["FixHub Comprehensive Test Suite (API & Domain Logic)","Authentication & Authorization DTO Validation"],"duration":1,"failing":false,"failureDetails":[],"failureMessages":[],"fullName":"FixHub Comprehensive Test Suite (API & Domain Logic) Authentication & Authorization DTO Validation 13. should handle professional registration without Optional category","invocations":1,"location":null,"numPassingAsserts":1,"retryReasons":[],"startAt":1785224017495,"status":"passed","title":"13. should handle professional registration without Optional category"},{"ancestorTitles":["FixHub Comprehensive Test Suite (API & Domain Logic)","Authentication & Authorization DTO Validation"],"duration":0,"failing":false,"failureDetails":[],"failureMessages":[],"fullName":"FixHub Comprehensive Test Suite (API & Domain Logic) Authentication & Authorization DTO Validation 14. should validate registration DTO with optional address field","invocations":1,"location":null,"numPassingAsserts":1,"retryReasons":[],"startAt":1785224017497,"status":"passed","title":"14. should validate registration DTO with optional address field"},{"ancestorTitles":["FixHub Comprehensive Test Suite (API & Domain Logic)","Authentication & Authorization DTO Validation"],"duration":1,"failing":false,"failureDetails":[],"failureMessages":[],"fullName":"FixHub Comprehensive Test Suite (API & Domain Logic) Authentication & Authorization DTO Validation 15. should fail login DTO with missing email field","invocations":1,"location":null,"numPassingAsserts":1,"retryReasons":[],"startAt":1785224017497,"status":"passed","title":"15. should fail login DTO with missing email field"},{"ancestorTitles":["FixHub Comprehensive Test Suite (API & Domain Logic)","Endpoint 1: Service Catalog & Filtering"],"duration":0,"failing":false,"failureDetails":[],"failureMessages":[],"fullName":"FixHub Comprehensive Test Suite (API & Domain Logic) Endpoint 1: Service Catalog & Filtering 16. should filter services by category electrician correctly","invocations":1,"location":null,"numPassingAsserts":2,"retryReasons":[],"startAt":1785224017499,"status":"passed","title":"16. should filter services by category electrician correctly"},{"ancestorTitles":["FixHub Comprehensive Test Suite (API & Domain Logic)","Endpoint 1: Service Catalog & Filtering"],"duration":0,"failing":false,"failureDetails":[],"failureMessages":[],"fullName":"FixHub Comprehensive Test Suite (API & Domain Logic) Endpoint 1: Service Catalog & Filtering 17. should sort services by price ascending","invocations":1,"location":null,"numPassingAsserts":2,"retryReasons":[],"startAt":1785224017500,"status":"passed","title":"17. should sort services by price ascending"},{"ancestorTitles":["FixHub Comprehensive Test Suite (API & Domain Logic)","Endpoint 1: Service Catalog & Filtering"],"duration":0,"failing":false,"failureDetails":[],"failureMessages":[],"fullName":"FixHub Comprehensive Test Suite (API & Domain Logic) Endpoint 1: Service Catalog & Filtering 18. should sort services by price descending","invocations":1,"location":null,"numPassingAsserts":2,"retryReasons":[],"startAt":1785224017501,"status":"passed","title":"18. should sort services by price descending"},{"ancestorTitles":["FixHub Comprehensive Test Suite (API & Domain Logic)","Endpoint 1: Service Catalog & Filtering"],"duration":1,"failing":false,"failureDetails":[],"failureMessages":[],"fullName":"FixHub Comprehensive Test Suite (API & Domain Logic) Endpoint 1: Service Catalog & Filtering 19. should sort services by highest rating","invocations":1,"location":null,"numPassingAsserts":2,"retryReasons":[],"startAt":1785224017501,"status":"passed","title":"19. should sort services by highest rating"},{"ancestorTitles":["FixHub Comprehensive Test Suite (API & Domain Logic)","Endpoint 1: Service Catalog & Filtering"],"duration":1,"failing":false,"failureDetails":[],"failureMessages":[],"fullName":"FixHub Comprehensive Test Suite (API & Domain Logic) Endpoint 1: Service Catalog & Filtering 20. should search services by title keyword case-insensitively","invocations":1,"location":null,"numPassingAsserts":2,"retryReasons":[],"startAt":1785224017502,"status":"passed","title":"20. should search services by title keyword case-insensitively"},{"ancestorTitles":["FixHub Comprehensive Test Suite (API & Domain Logic)","Endpoint 1: Service Catalog & Filtering"],"duration":1,"failing":false,"failureDetails":[],"failureMessages":[],"fullName":"FixHub Comprehensive Test Suite (API & Domain Logic) Endpoint 1: Service Catalog & Filtering 21. should return empty array when no services match search term","invocations":1,"location":null,"numPassingAsserts":1,"retryReasons":[],"startAt":1785224017503,"status":"passed","title":"21. should return empty array when no services match search term"},{"ancestorTitles":["FixHub Comprehensive Test Suite (API & Domain Logic)","Endpoint 1: Service Catalog & Filtering"],"duration":0,"failing":false,"failureDetails":[],"failureMessages":[],"fullName":"FixHub Comprehensive Test Suite (API & Domain Logic) Endpoint 1: Service Catalog & Filtering 22. should return all services when category filter is set to \"all\"","invocations":1,"location":null,"numPassingAsserts":1,"retryReasons":[],"startAt":1785224017505,"status":"passed","title":"22. should return all services when category filter is set to \"all\""},{"ancestorTitles":["FixHub Comprehensive Test Suite (API & Domain Logic)","Endpoint 1: Service Catalog & Filtering"],"duration":1,"failing":false,"failureDetails":[],"failureMessages":[],"fullName":"FixHub Comprehensive Test Suite (API & Domain Logic) Endpoint 1: Service Catalog & Filtering 23. should paginate service results correctly (limit 2, page 1)","invocations":1,"location":null,"numPassingAsserts":2,"retryReasons":[],"startAt":1785224017505,"status":"passed","title":"23. should paginate service results correctly (limit 2, page 1)"},{"ancestorTitles":["FixHub Comprehensive Test Suite (API & Domain Logic)","Endpoint 1: Service Catalog & Filtering"],"duration":1,"failing":false,"failureDetails":[],"failureMessages":[],"fullName":"FixHub Comprehensive Test Suite (API & Domain Logic) Endpoint 1: Service Catalog & Filtering 24. should paginate service results correctly (limit 2, page 2)","invocations":1,"location":null,"numPassingAsserts":2,"retryReasons":[],"startAt":1785224017506,"status":"passed","title":"24. should paginate service results correctly (limit 2, page 2)"},{"ancestorTitles":["FixHub Comprehensive Test Suite (API & Domain Logic)","Endpoint 1: Service Catalog & Filtering"],"duration":1,"failing":false,"failureDetails":[],"failureMessages":[],"fullName":"FixHub Comprehensive Test Suite (API & Domain Logic) Endpoint 1: Service Catalog & Filtering 25. should return empty page when pagination exceeds total services","invocations":1,"location":null,"numPassingAsserts":1,"retryReasons":[],"startAt":1785224017507,"status":"passed","title":"25. should return empty page when pagination exceeds total services"},{"ancestorTitles":["FixHub Comprehensive Test Suite (API & Domain Logic)","Endpoint 2: Booking Workflow & State Machine"],"duration":0,"failing":false,"failureDetails":[],"failureMessages":[],"fullName":"FixHub Comprehensive Test Suite (API & Domain Logic) Endpoint 2: Booking Workflow & State Machine 26. should allow valid transition from confirmed to in_progress via start action","invocations":1,"location":null,"numPassingAsserts":2,"retryReasons":[],"startAt":1785224017508,"status":"passed","title":"26. should allow valid transition from confirmed to in_progress via start action"},{"ancestorTitles":["FixHub Comprehensive Test Suite (API & Domain Logic)","Endpoint 2: Booking Workflow & State Machine"],"duration":0,"failing":false,"failureDetails":[],"failureMessages":[],"fullName":"FixHub Comprehensive Test Suite (API & Domain Logic) Endpoint 2: Booking Workflow & State Machine 27. should allow valid transition from confirmed to cancelled via cancel action","invocations":1,"location":null,"numPassingAsserts":2,"retryReasons":[],"startAt":1785224017509,"status":"passed","title":"27. should allow valid transition from confirmed to cancelled via cancel action"},{"ancestorTitles":["FixHub Comprehensive Test Suite (API & Domain Logic)","Endpoint 2: Booking Workflow & State Machine"],"duration":1,"failing":false,"failureDetails":[],"failureMessages":[],"fullName":"FixHub Comprehensive Test Suite (API & Domain Logic) Endpoint 2: Booking Workflow & State Machine 28. should allow valid transition from in_progress to completed via complete action","invocations":1,"location":null,"numPassingAsserts":2,"retryReasons":[],"startAt":1785224017509,"status":"passed","title":"28. should allow valid transition from in_progress to completed via complete action"},{"ancestorTitles":["FixHub Comprehensive Test Suite (API & Domain Logic)","Endpoint 2: Booking Workflow & State Machine"],"duration":1,"failing":false,"failureDetails":[],"failureMessages":[],"fullName":"FixHub Comprehensive Test Suite (API & Domain Logic) Endpoint 2: Booking Workflow & State Machine 29. should allow valid cancellation from in_progress status","invocations":1,"location":null,"numPassingAsserts":2,"retryReasons":[],"startAt":1785224017510,"status":"passed","title":"29. should allow valid cancellation from in_progress status"},{"ancestorTitles":["FixHub Comprehensive Test Suite (API & Domain Logic)","Endpoint 2: Booking Workflow & State Machine"],"duration":28,"failing":false,"failureDetails":[],"failureMessages":[],"fullName":"FixHub Comprehensive Test Suite (API & Domain Logic) Endpoint 2: Booking Workflow & State Machine 30. should disallow invalid transition from completed status","invocations":1,"location":null,"numPassingAsserts":2,"retryReasons":[],"startAt":1785224017511,"status":"passed","title":"30. should disallow invalid transition from completed status"},{"ancestorTitles":["FixHub Comprehensive Test Suite (API & Domain Logic)","Endpoint 2: Booking Workflow & State Machine"],"duration":1,"failing":false,"failureDetails":[],"failureMessages":[],"fullName":"FixHub Comprehensive Test Suite (API & Domain Logic) Endpoint 2: Booking Workflow & State Machine 31. should disallow invalid transition from cancelled status","invocations":1,"location":null,"numPassingAsserts":2,"retryReasons":[],"startAt":1785224017539,"status":"passed","title":"31. should disallow invalid transition from cancelled status"},{"ancestorTitles":["FixHub Comprehensive Test Suite (API & Domain Logic)","Endpoint 2: Booking Workflow & State Machine"],"duration":0,"failing":false,"failureDetails":[],"failureMessages":[],"fullName":"FixHub Comprehensive Test Suite (API & Domain Logic) Endpoint 2: Booking Workflow & State Machine 32. should hold funds from customer balance correctly","invocations":1,"location":null,"numPassingAsserts":2,"retryReasons":[],"startAt":1785224017540,"status":"passed","title":"32. should hold funds from customer balance correctly"},{"ancestorTitles":["FixHub Comprehensive Test Suite (API & Domain Logic)","Endpoint 2: Booking Workflow & State Machine"],"duration":1,"failing":false,"failureDetails":[],"failureMessages":[],"fullName":"FixHub Comprehensive Test Suite (API & Domain Logic) Endpoint 2: Booking Workflow & State Machine 33. should release held escrow funds upon completion","invocations":1,"location":null,"numPassingAsserts":1,"retryReasons":[],"startAt":1785224017540,"status":"passed","title":"33. should release held escrow funds upon completion"},{"ancestorTitles":["FixHub Comprehensive Test Suite (API & Domain Logic)","Endpoint 2: Booking Workflow & State Machine"],"duration":1,"failing":false,"failureDetails":[],"failureMessages":[],"fullName":"FixHub Comprehensive Test Suite (API & Domain Logic) Endpoint 2: Booking Workflow & State Machine 34. should refund held escrow funds back to customer balance","invocations":1,"location":null,"numPassingAsserts":2,"retryReasons":[],"startAt":1785224017541,"status":"passed","title":"34. should refund held escrow funds back to customer balance"},{"ancestorTitles":["FixHub Comprehensive Test Suite (API & Domain Logic)","Endpoint 2: Booking Workflow & State Machine"],"duration":5,"failing":false,"failureDetails":[],"failureMessages":[],"fullName":"FixHub Comprehensive Test Suite (API & Domain Logic) Endpoint 2: Booking Workflow & State Machine 35. should throw error when holding more funds than available balance","invocations":1,"location":null,"numPassingAsserts":1,"retryReasons":[],"startAt":1785224017542,"status":"passed","title":"35. should throw error when holding more funds than available balance"},{"ancestorTitles":["FixHub Comprehensive Test Suite (API & Domain Logic)","Endpoint 3: Promo Code & Discount Application"],"duration":1,"failing":false,"failureDetails":[],"failureMessages":[],"fullName":"FixHub Comprehensive Test Suite (API & Domain Logic) Endpoint 3: Promo Code & Discount Application 36. should apply 30% discount for FIXHUB30 promo code","invocations":1,"location":null,"numPassingAsserts":3,"retryReasons":[],"startAt":1785224017547,"status":"passed","title":"36. should apply 30% discount for FIXHUB30 promo code"},{"ancestorTitles":["FixHub Comprehensive Test Suite (API & Domain Logic)","Endpoint 3: Promo Code & Discount Application"],"duration":4,"failing":false,"failureDetails":[],"failureMessages":[],"fullName":"FixHub Comprehensive Test Suite (API & Domain Logic) Endpoint 3: Promo Code & Discount Application 37. should apply 30% discount for FIRST30 promo code","invocations":1,"location":null,"numPassingAsserts":3,"retryReasons":[],"startAt":1785224017548,"status":"passed","title":"37. should apply 30% discount for FIRST30 promo code"},{"ancestorTitles":["FixHub Comprehensive Test Suite (API & Domain Logic)","Endpoint 3: Promo Code & Discount Application"],"duration":1,"failing":false,"failureDetails":[],"failureMessages":[],"fullName":"FixHub Comprehensive Test Suite (API & Domain Logic) Endpoint 3: Promo Code & Discount Application 38. should apply flat 500 discount for PROMO500 promo code","invocations":1,"location":null,"numPassingAsserts":3,"retryReasons":[],"startAt":1785224017552,"status":"passed","title":"38. should apply flat 500 discount for PROMO500 promo code"},{"ancestorTitles":["FixHub Comprehensive Test Suite (API & Domain Logic)","Endpoint 3: Promo Code & Discount Application"],"duration":0,"failing":false,"failureDetails":[],"failureMessages":[],"fullName":"FixHub Comprehensive Test Suite (API & Domain Logic) Endpoint 3: Promo Code & Discount Application 39. should cap final total at 0 when flat discount exceeds subtotal","invocations":1,"location":null,"numPassingAsserts":3,"retryReasons":[],"startAt":1785224017553,"status":"passed","title":"39. should cap final total at 0 when flat discount exceeds subtotal"},{"ancestorTitles":["FixHub Comprehensive Test Suite (API & Domain Logic)","Endpoint 3: Promo Code & Discount Application"],"duration":1,"failing":false,"failureDetails":[],"failureMessages":[],"fullName":"FixHub Comprehensive Test Suite (API & Domain Logic) Endpoint 3: Promo Code & Discount Application 40. should reject invalid promo code with 0 discount","invocations":1,"location":null,"numPassingAsserts":3,"retryReasons":[],"startAt":1785224017553,"status":"passed","title":"40. should reject invalid promo code with 0 discount"},{"ancestorTitles":["FixHub Comprehensive Test Suite (API & Domain Logic)","Endpoint 3: Promo Code & Discount Application"],"duration":0,"failing":false,"failureDetails":[],"failureMessages":[],"fullName":"FixHub Comprehensive Test Suite (API & Domain Logic) Endpoint 3: Promo Code & Discount Application 41. should handle promo code case-insensitively with extra spaces","invocations":1,"location":null,"numPassingAsserts":2,"retryReasons":[],"startAt":1785224017554,"status":"passed","title":"41. should handle promo code case-insensitively with extra spaces"},{"ancestorTitles":["FixHub Comprehensive Test Suite (API & Domain Logic)","Endpoint 3: Promo Code & Discount Application"],"duration":1,"failing":false,"failureDetails":[],"failureMessages":[],"fullName":"FixHub Comprehensive Test Suite (API & Domain Logic) Endpoint 3: Promo Code & Discount Application 42. should round percentage discounts correctly","invocations":1,"location":null,"numPassingAsserts":2,"retryReasons":[],"startAt":1785224017554,"status":"passed","title":"42. should round percentage discounts correctly"},{"ancestorTitles":["FixHub Comprehensive Test Suite (API & Domain Logic)","Endpoint 3: Promo Code & Discount Application"],"duration":0,"failing":false,"failureDetails":[],"failureMessages":[],"fullName":"FixHub Comprehensive Test Suite (API & Domain Logic) Endpoint 3: Promo Code & Discount Application 43. should process flat SAVE500 code correctly","invocations":1,"location":null,"numPassingAsserts":2,"retryReasons":[],"startAt":1785224017555,"status":"passed","title":"43. should process flat SAVE500 code correctly"},{"ancestorTitles":["FixHub Comprehensive Test Suite (API & Domain Logic)","Endpoint 4: Reviews & Rating Engine"],"duration":0,"failing":false,"failureDetails":[],"failureMessages":[],"fullName":"FixHub Comprehensive Test Suite (API & Domain Logic) Endpoint 4: Reviews & Rating Engine 44. should calculate average rating of 4.5 from [4, 5]","invocations":1,"location":null,"numPassingAsserts":1,"retryReasons":[],"startAt":1785224017555,"status":"passed","title":"44. should calculate average rating of 4.5 from [4, 5]"},{"ancestorTitles":["FixHub Comprehensive Test Suite (API & Domain Logic)","Endpoint 4: Reviews & Rating Engine"],"duration":1,"failing":false,"failureDetails":[],"failureMessages":[],"fullName":"FixHub Comprehensive Test Suite (API & Domain Logic) Endpoint 4: Reviews & Rating Engine 45. should default to 5.0 rating when service has no reviews","invocations":1,"location":null,"numPassingAsserts":1,"retryReasons":[],"startAt":1785224017555,"status":"passed","title":"45. should default to 5.0 rating when service has no reviews"},{"ancestorTitles":["FixHub Comprehensive Test Suite (API & Domain Logic)","Endpoint 4: Reviews & Rating Engine"],"duration":0,"failing":false,"failureDetails":[],"failureMessages":[],"fullName":"FixHub Comprehensive Test Suite (API & Domain Logic) Endpoint 4: Reviews & Rating Engine 46. should compute correct average for single review","invocations":1,"location":null,"numPassingAsserts":1,"retryReasons":[],"startAt":1785224017556,"status":"passed","title":"46. should compute correct average for single review"},{"ancestorTitles":["FixHub Comprehensive Test Suite (API & Domain Logic)","Endpoint 4: Reviews & Rating Engine"],"duration":0,"failing":false,"failureDetails":[],"failureMessages":[],"fullName":"FixHub Comprehensive Test Suite (API & Domain Logic) Endpoint 4: Reviews & Rating Engine 47. should round average rating to 1 decimal place","invocations":1,"location":null,"numPassingAsserts":1,"retryReasons":[],"startAt":1785224017556,"status":"passed","title":"47. should round average rating to 1 decimal place"},{"ancestorTitles":["FixHub Comprehensive Test Suite (API & Domain Logic)","Endpoint 4: Reviews & Rating Engine"],"duration":1,"failing":false,"failureDetails":[],"failureMessages":[],"fullName":"FixHub Comprehensive Test Suite (API & Domain Logic) Endpoint 4: Reviews & Rating Engine 48. should validate rating range between 1 and 5 stars","invocations":1,"location":null,"numPassingAsserts":3,"retryReasons":[],"startAt":1785224017556,"status":"passed","title":"48. should validate rating range between 1 and 5 stars"},{"ancestorTitles":["FixHub Comprehensive Test Suite (API & Domain Logic)","Endpoint 4: Reviews & Rating Engine"],"duration":0,"failing":false,"failureDetails":[],"failureMessages":[],"fullName":"FixHub Comprehensive Test Suite (API & Domain Logic) Endpoint 4: Reviews & Rating Engine 49. should reject non-integer ratings like 3.5 in submit review DTO","invocations":1,"location":null,"numPassingAsserts":1,"retryReasons":[],"startAt":1785224017557,"status":"passed","title":"49. should reject non-integer ratings like 3.5 in submit review DTO"},{"ancestorTitles":["FixHub Comprehensive Test Suite (API & Domain Logic)","Endpoint 4: Reviews & Rating Engine"],"duration":1,"failing":false,"failureDetails":[],"failureMessages":[],"fullName":"FixHub Comprehensive Test Suite (API & Domain Logic) Endpoint 4: Reviews & Rating Engine 50. should calculate correct average rating for 5 identical 5-star reviews","invocations":1,"location":null,"numPassingAsserts":1,"retryReasons":[],"startAt":1785224017557,"status":"passed","title":"50. should calculate correct average rating for 5 identical 5-star reviews"},{"ancestorTitles":["FixHub Comprehensive Test Suite (API & Domain Logic)","Endpoints 5-8: Wallet, Support Tickets, Notifications & Chat"],"duration":1,"failing":false,"failureDetails":[],"failureMessages":[],"fullName":"FixHub Comprehensive Test Suite (API & Domain Logic) Endpoints 5-8: Wallet, Support Tickets, Notifications & Chat 51. [Wallet] should credit earnings to professional wallet balance","invocations":1,"location":null,"numPassingAsserts":1,"retryReasons":[],"startAt":1785224017558,"status":"passed","title":"51. [Wallet] should credit earnings to professional wallet balance"},{"ancestorTitles":["FixHub Comprehensive Test Suite (API & Domain Logic)","Endpoints 5-8: Wallet, Support Tickets, Notifications & Chat"],"duration":1,"failing":false,"failureDetails":[],"failureMessages":[],"fullName":"FixHub Comprehensive Test Suite (API & Domain Logic) Endpoints 5-8: Wallet, Support Tickets, Notifications & Chat 52. [Wallet] should reject withdrawal request exceeding wallet balance","invocations":1,"location":null,"numPassingAsserts":1,"retryReasons":[],"startAt":1785224017559,"status":"passed","title":"52. [Wallet] should reject withdrawal request exceeding wallet balance"},{"ancestorTitles":["FixHub Comprehensive Test Suite (API & Domain Logic)","Endpoints 5-8: Wallet, Support Tickets, Notifications & Chat"],"duration":0,"failing":false,"failureDetails":[],"failureMessages":[],"fullName":"FixHub Comprehensive Test Suite (API & Domain Logic) Endpoints 5-8: Wallet, Support Tickets, Notifications & Chat 53. [Wallet] should record transaction history entry with pending status on withdrawal request","invocations":1,"location":null,"numPassingAsserts":2,"retryReasons":[],"startAt":1785224017560,"status":"passed","title":"53. [Wallet] should record transaction history entry with pending status on withdrawal request"},{"ancestorTitles":["FixHub Comprehensive Test Suite (API & Domain Logic)","Endpoints 5-8: Wallet, Support Tickets, Notifications & Chat"],"duration":2,"failing":false,"failureDetails":[],"failureMessages":[],"fullName":"FixHub Comprehensive Test Suite (API & Domain Logic) Endpoints 5-8: Wallet, Support Tickets, Notifications & Chat 54. [Tickets] should generate ticket with prefix TK- and open status","invocations":1,"location":null,"numPassingAsserts":2,"retryReasons":[],"startAt":1785224017560,"status":"passed","title":"54. [Tickets] should generate ticket with prefix TK- and open status"},{"ancestorTitles":["FixHub Comprehensive Test Suite (API & Domain Logic)","Endpoints 5-8: Wallet, Support Tickets, Notifications & Chat"],"duration":0,"failing":false,"failureDetails":[],"failureMessages":[],"fullName":"FixHub Comprehensive Test Suite (API & Domain Logic) Endpoints 5-8: Wallet, Support Tickets, Notifications & Chat 55. [Tickets] should validate ticket creation with non-empty subject and category","invocations":1,"location":null,"numPassingAsserts":2,"retryReasons":[],"startAt":1785224017562,"status":"passed","title":"55. [Tickets] should validate ticket creation with non-empty subject and category"},{"ancestorTitles":["FixHub Comprehensive Test Suite (API & Domain Logic)","Endpoints 5-8: Wallet, Support Tickets, Notifications & Chat"],"duration":1,"failing":false,"failureDetails":[],"failureMessages":[],"fullName":"FixHub Comprehensive Test Suite (API & Domain Logic) Endpoints 5-8: Wallet, Support Tickets, Notifications & Chat 56. [Notifications] should mark unread notification as read","invocations":1,"location":null,"numPassingAsserts":1,"retryReasons":[],"startAt":1785224017562,"status":"passed","title":"56. [Notifications] should mark unread notification as read"},{"ancestorTitles":["FixHub Comprehensive Test Suite (API & Domain Logic)","Endpoints 5-8: Wallet, Support Tickets, Notifications & Chat"],"duration":0,"failing":false,"failureDetails":[],"failureMessages":[],"fullName":"FixHub Comprehensive Test Suite (API & Domain Logic) Endpoints 5-8: Wallet, Support Tickets, Notifications & Chat 57. [Notifications] should count unread notifications correctly","invocations":1,"location":null,"numPassingAsserts":1,"retryReasons":[],"startAt":1785224017563,"status":"passed","title":"57. [Notifications] should count unread notifications correctly"},{"ancestorTitles":["FixHub Comprehensive Test Suite (API & Domain Logic)","Endpoints 5-8: Wallet, Support Tickets, Notifications & Chat"],"duration":0,"failing":false,"failureDetails":[],"failureMessages":[],"fullName":"FixHub Comprehensive Test Suite (API & Domain Logic) Endpoints 5-8: Wallet, Support Tickets, Notifications & Chat 58. [Chat] should append new user message to conversation history","invocations":1,"location":null,"numPassingAsserts":2,"retryReasons":[],"startAt":1785224017563,"status":"passed","title":"58. [Chat] should append new user message to conversation history"},{"ancestorTitles":["FixHub Comprehensive Test Suite (API & Domain Logic)","Endpoints 5-8: Wallet, Support Tickets, Notifications & Chat"],"duration":0,"failing":false,"failureDetails":[],"failureMessages":[],"fullName":"FixHub Comprehensive Test Suite (API & Domain Logic) Endpoints 5-8: Wallet, Support Tickets, Notifications & Chat 59. [Chat] should correctly identify message sender role","invocations":1,"location":null,"numPassingAsserts":2,"retryReasons":[],"startAt":1785224017563,"status":"passed","title":"59. [Chat] should correctly identify message sender role"},{"ancestorTitles":["FixHub Comprehensive Test Suite (API & Domain Logic)","Endpoints 5-8: Wallet, Support Tickets, Notifications & Chat"],"duration":31,"failing":false,"failureDetails":[],"failureMessages":[],"fullName":"FixHub Comprehensive Test Suite (API & Domain Logic) Endpoints 5-8: Wallet, Support Tickets, Notifications & Chat 60. [Chat] should format chat message relative timestamp","invocations":1,"location":null,"numPassingAsserts":1,"retryReasons":[],"startAt":1785224017563,"status":"passed","title":"60. [Chat] should format chat message relative timestamp"}],"endTime":1785224017597,"message":"","name":"C:\\Users\\Asus\\Documents\\Developer\\API\\Fixhub - Web\\backend\\src\\controllers\\__tests__\\api-comprehensive.test.ts","startTime":1785224017096,"status":"passed","summary":""},{"assertionResults":[{"ancestorTitles":["getChatModelCandidates"],"duration":2,"failing":false,"failureDetails":[],"failureMessages":[],"fullName":"getChatModelCandidates prefers the configured model and adds stable fallbacks","invocations":1,"location":null,"numPassingAsserts":1,"retryReasons":[],"startAt":1785224017899,"status":"passed","title":"prefers the configured model and adds stable fallbacks"},{"ancestorTitles":["getChatModelCandidates"],"duration":1,"failing":false,"failureDetails":[],"failureMessages":[],"fullName":"getChatModelCandidates ignores empty values and removes duplicates","invocations":1,"location":null,"numPassingAsserts":1,"retryReasons":[],"startAt":1785224017901,"status":"passed","title":"ignores empty values and removes duplicates"},{"ancestorTitles":["getChatModelCandidates"],"duration":1,"failing":false,"failureDetails":[],"failureMessages":[],"fullName":"getChatModelCandidates gives a practical plumbing fallback response when the AI service fails","invocations":1,"location":null,"numPassingAsserts":1,"retryReasons":[],"startAt":1785224017902,"status":"passed","title":"gives a practical plumbing fallback response when the AI service fails"},{"ancestorTitles":["getChatModelCandidates"],"duration":0,"failing":false,"failureDetails":[],"failureMessages":[],"fullName":"getChatModelCandidates gives a booking fallback response for booking questions","invocations":1,"location":null,"numPassingAsserts":1,"retryReasons":[],"startAt":1785224017903,"status":"passed","title":"gives a booking fallback response for booking questions"}],"endTime":1785224017904,"message":"","name":"C:\\Users\\Asus\\Documents\\Developer\\API\\Fixhub - Web\\backend\\src\\controllers\\__tests__\\chatbot.controller.test.ts","startTime":1785224017609,"status":"passed","summary":""}],"wasInterrupted":false}
